<?xml version="1.0" encoding="UTF-8"?>
<!-- Generated by org.testng.reporters.JUnitXMLReporter -->
<testsuite ignored="0" hostname="LAPTOP-1RU859V6" failures="0" tests="4" name="PetTests" time="12.668" errors="0" timestamp="2024-12-27T15:39:08 IST">
  <testcase classname="api.test.UserTests" name="testPostUser" time="4.544"/>
  <testcase classname="api.test.UserTests" name="testGetUserByname" time="1.665"/>
  <testcase classname="api.test.UserTests" name="testupdateUserByName" time="3.517"/>
  <testcase classname="api.test.UserTests" name="testDeleteUserByName" time="1.586"/>
</testsuite> <!-- PetTests -->
