<?xml version="1.0" encoding="UTF-8"?>
<!-- Generated by org.testng.reporters.JUnitXMLReporter -->
<testsuite ignored="0" hostname="LAPTOP-1RU859V6" failures="0" tests="4" name="PetTests" time="15.759" errors="0" timestamp="2024-12-27T16:18:21 IST">
  <testcase classname="api.test.UserTests" name="testPostUser" time="5.589"/>
  <testcase classname="api.test.UserTests" name="testGetUserByname" time="2.334"/>
  <testcase classname="api.test.UserTests" name="testupdateUserByName" time="4.174"/>
  <testcase classname="api.test.UserTests" name="testDeleteUserByName" time="2.23"/>
</testsuite> <!-- PetTests -->
