<?xml version="1.0" encoding="UTF-8"?>
<!-- Generated by org.testng.reporters.JUnitXMLReporter -->
<testsuite ignored="0" hostname="LAPTOP-1RU859V6" failures="0" tests="6" name="Default test" time="16.601" errors="0" timestamp="2024-12-27T11:16:20 IST">
  <testcase classname="api.test.DDTest" name="testPostuser" time="4.572"/>
  <testcase classname="api.test.DDTest" name="testPostuser" time="1.825"/>
  <testcase classname="api.test.DDTest" name="testPostuser" time="1.899"/>
  <testcase classname="api.test.DDTest" name="testDeleteUserByName" time="1.804"/>
  <testcase classname="api.test.DDTest" name="testDeleteUserByName" time="1.759"/>
  <testcase classname="api.test.DDTest" name="testDeleteUserByName" time="1.758"/>
</testsuite> <!-- Default test -->
