<?xml version="1.0" encoding="UTF-8"?>
<!-- Generated by org.testng.reporters.JUnitXMLReporter -->
<testsuite ignored="0" hostname="LAPTOP-1RU859V6" failures="0" tests="4" name="Default test" time="11.187" errors="0" timestamp="2024-12-25T18:13:37 IST">
  <testcase classname="api.test.UserTests" name="testPostUser" time="4.328"/>
  <testcase classname="api.test.UserTests" name="testGetUserByname" time="1.496"/>
  <testcase classname="api.test.UserTests" name="testupdateUserByName" time="3.279"/>
  <testcase classname="api.test.UserTests" name="testDeleteUserByName" time="1.718"/>
</testsuite> <!-- Default test -->
