<?xml version="1.0" encoding="UTF-8"?>
<testng-results ignored="0" total="4" passed="4" failed="0" skipped="0">
  <reporter-output>
  </reporter-output>
  <suite started-at="2024-12-25T18:13:26 IST" name="Default suite" finished-at="2024-12-25T18:13:37 IST" duration-ms="11187">
    <groups>
    </groups>
    <test started-at="2024-12-25T18:13:26 IST" name="Default test" finished-at="2024-12-25T18:13:37 IST" duration-ms="11187">
      <class name="api.test.UserTests">
        <test-method is-config="true" signature="setupData()[pri:0, instance:api.test.UserTests@3b0090a4]" started-at="2024-12-25T18:13:26 IST" name="setupData" finished-at="2024-12-25T18:13:26 IST" duration-ms="291" status="PASS">
          <reporter-output>
          </reporter-output>
        </test-method> <!-- setupData -->
        <test-method signature="testPostUser()[pri:1, instance:api.test.UserTests@3b0090a4]" started-at="2024-12-25T18:13:26 IST" name="testPostUser" finished-at="2024-12-25T18:13:30 IST" duration-ms="4328" status="PASS">
          <reporter-output>
          </reporter-output>
        </test-method> <!-- testPostUser -->
        <test-method signature="testGetUserByname()[pri:2, instance:api.test.UserTests@3b0090a4]" started-at="2024-12-25T18:13:30 IST" name="testGetUserByname" finished-at="2024-12-25T18:13:32 IST" duration-ms="1496" status="PASS">
          <reporter-output>
          </reporter-output>
        </test-method> <!-- testGetUserByname -->
        <test-method signature="testupdateUserByName()[pri:3, instance:api.test.UserTests@3b0090a4]" started-at="2024-12-25T18:13:32 IST" name="testupdateUserByName" finished-at="2024-12-25T18:13:35 IST" duration-ms="3279" status="PASS">
          <reporter-output>
          </reporter-output>
        </test-method> <!-- testupdateUserByName -->
        <test-method signature="testDeleteUserByName()[pri:4, instance:api.test.UserTests@3b0090a4]" started-at="2024-12-25T18:13:35 IST" name="testDeleteUserByName" finished-at="2024-12-25T18:13:37 IST" duration-ms="1718" status="PASS">
          <reporter-output>
          </reporter-output>
        </test-method> <!-- testDeleteUserByName -->
      </class> <!-- api.test.UserTests -->
    </test> <!-- Default test -->
  </suite> <!-- Default suite -->
</testng-results>
